<?xml version="1.0" encoding="UTF-8"?>
<!-- Generated by org.testng.reporters.JUnitReportReporter -->
<testsuite skipped="0" hostname="pc-PC" name="runner.Runner" tests="1" failures="0" timestamp="15 Apr 2019 10:15:37 GMT" time="6.882" errors="0">
  <testcase name="HomeLoan" time="6.882" classname="runner.Runner"/>
</testsuite> <!-- runner.Runner -->
